*** Starting uWSGI 2.0.10 (64bit) on [Wed Apr  1 03:44:17 2015] ***
compiled with version: 4.8.2 on 01 April 2015 03:42:23
os: Linux-3.13.0-32-generic #57-Ubuntu SMP Tue Jul 15 03:51:08 UTC 2014
nodename: ubuntu-vm
machine: x86_64
clock source: unix
pcre jit disabled
detected number of CPU cores: 8
current working directory: /opt/app/webapp
detected binary path: /usr/local/bin/uwsgi
uWSGI running as root, you can use --uid/--gid/--chroot options
*** WARNING: you are running uWSGI as root !!! (use the --uid flag) *** 
chdir() to /opt/app/webapp
your processes number limit is 257243
your memory page size is 4096 bytes
detected max file descriptor number: 1024
lock engine: pthread robust mutexes
thunder lock: disabled (you can enable it with --thunder-lock)
uwsgi socket 0 bound to UNIX address /tmp/uwsgi.sock fd 3
Python version: 2.7.6 (default, Mar 22 2014, 23:03:41)  [GCC 4.8.2]
*** Python threads support is disabled. You can enable it with --enable-threads ***
Python main interpreter initialized at 0x1edfe80
your server socket listen backlog is limited to 100 connections
your mercy for graceful operations on workers is 60 seconds
mapped 800360 bytes (781 KB) for 10 cores
*** Operational MODE: preforking ***
WSGI app 0 (mountpoint='') ready in 0 seconds on interpreter 0x1edfe80 pid: 30752 (default app)
*** uWSGI is running in multiple interpreter mode ***
spawned uWSGI master process (pid: 30752)
spawned uWSGI worker 1 (pid: 30753, cores: 1)
spawned uWSGI worker 2 (pid: 30754, cores: 1)
spawned uWSGI worker 3 (pid: 30755, cores: 1)
spawned uWSGI worker 4 (pid: 30756, cores: 1)
spawned uWSGI worker 5 (pid: 30757, cores: 1)
spawned uWSGI worker 6 (pid: 30758, cores: 1)
spawned uWSGI worker 7 (pid: 30759, cores: 1)
spawned uWSGI worker 8 (pid: 30760, cores: 1)
spawned uWSGI worker 9 (pid: 30761, cores: 1)
spawned uWSGI worker 10 (pid: 30762, cores: 1)
[pid: 30759|app: 0|req: 1/1] 45.56.99.16 () {38 vars in 687 bytes} [Wed Apr  1 15:50:16 2015] GET /smartclass/teacher/home => generated 2923 bytes in 42 msecs (HTTP/1.1 404) 2 headers in 80 bytes (2 switches on core 0)
[pid: 30756|app: 0|req: 1/2] 45.56.99.16 () {38 vars in 592 bytes} [Wed Apr  1 15:50:17 2015] GET /favicon.ico => generated 2887 bytes in 36 msecs (HTTP/1.1 404) 2 headers in 80 bytes (1 switches on core 0)
[pid: 30754|app: 0|req: 1/3] 45.56.99.16 () {38 vars in 687 bytes} [Wed Apr  1 15:50:26 2015] GET /smartClass/teacher/home => generated 101215 bytes in 182 msecs (HTTP/1.1 500) 2 headers in 92 bytes (1 switches on core 0)
...brutally killing workers...
worker 1 buried after 1 seconds
worker 2 buried after 1 seconds
worker 3 buried after 1 seconds
worker 4 buried after 1 seconds
worker 5 buried after 1 seconds
worker 6 buried after 1 seconds
worker 7 buried after 1 seconds
worker 8 buried after 1 seconds
worker 9 buried after 1 seconds
worker 10 buried after 1 seconds
binary reloading uWSGI...
chdir() to /opt/app/webapp
closing all non-uwsgi socket fds > 2 (max_fd = 1024)...
found fd 3 mapped to socket 0 (/tmp/uwsgi.sock)
running /usr/local/bin/uwsgi
[uWSGI] getting INI configuration from smartclass.ini
*** Starting uWSGI 2.0.10 (64bit) on [Wed Apr  1 15:51:33 2015] ***
compiled with version: 4.8.2 on 01 April 2015 03:42:23
os: Linux-3.13.0-32-generic #57-Ubuntu SMP Tue Jul 15 03:51:08 UTC 2014
nodename: ubuntu-vm
machine: x86_64
clock source: unix
pcre jit disabled
detected number of CPU cores: 8
current working directory: /opt/app/webapp
detected binary path: /usr/local/bin/uwsgi
uWSGI running as root, you can use --uid/--gid/--chroot options
*** WARNING: you are running uWSGI as root !!! (use the --uid flag) *** 
chdir() to /opt/app/webapp
your processes number limit is 257243
your memory page size is 4096 bytes
detected max file descriptor number: 1024
lock engine: pthread robust mutexes
thunder lock: disabled (you can enable it with --thunder-lock)
uwsgi socket 0 inherited UNIX address /tmp/uwsgi.sock fd 3
Python version: 2.7.6 (default, Mar 22 2014, 23:03:41)  [GCC 4.8.2]
*** Python threads support is disabled. You can enable it with --enable-threads ***
Python main interpreter initialized at 0x19d6eb0
your server socket listen backlog is limited to 100 connections
your mercy for graceful operations on workers is 60 seconds
mapped 800360 bytes (781 KB) for 10 cores
*** Operational MODE: preforking ***
WSGI app 0 (mountpoint='') ready in 0 seconds on interpreter 0x19d6eb0 pid: 30752 (default app)
*** uWSGI is running in multiple interpreter mode ***
gracefully (RE)spawned uWSGI master process (pid: 30752)
spawned uWSGI worker 1 (pid: 31001, cores: 1)
spawned uWSGI worker 2 (pid: 31002, cores: 1)
spawned uWSGI worker 3 (pid: 31003, cores: 1)
spawned uWSGI worker 4 (pid: 31004, cores: 1)
spawned uWSGI worker 5 (pid: 31005, cores: 1)
spawned uWSGI worker 6 (pid: 31006, cores: 1)
spawned uWSGI worker 7 (pid: 31007, cores: 1)
spawned uWSGI worker 8 (pid: 31008, cores: 1)
spawned uWSGI worker 9 (pid: 31009, cores: 1)
spawned uWSGI worker 10 (pid: 31010, cores: 1)
*** Starting uWSGI 2.0.10 (64bit) on [Wed Apr  1 03:51:49 2015] ***
compiled with version: 4.8.2 on 01 April 2015 03:42:23
os: Linux-3.13.0-32-generic #57-Ubuntu SMP Tue Jul 15 03:51:08 UTC 2014
nodename: ubuntu-vm
machine: x86_64
clock source: unix
pcre jit disabled
detected number of CPU cores: 8
current working directory: /etc/nginx
detected binary path: /usr/local/bin/uwsgi
uWSGI running as root, you can use --uid/--gid/--chroot options
*** WARNING: you are running uWSGI as root !!! (use the --uid flag) *** 
chdir() to /opt/app/webapp
your processes number limit is 257243
your memory page size is 4096 bytes
detected max file descriptor number: 1024
lock engine: pthread robust mutexes
thunder lock: disabled (you can enable it with --thunder-lock)
uwsgi socket 0 bound to UNIX address /tmp/uwsgi.sock fd 3
Python version: 2.7.6 (default, Mar 22 2014, 23:03:41)  [GCC 4.8.2]
*** Python threads support is disabled. You can enable it with --enable-threads ***
Python main interpreter initialized at 0xf47ea0
your server socket listen backlog is limited to 100 connections
your mercy for graceful operations on workers is 60 seconds
mapped 800360 bytes (781 KB) for 10 cores
*** Operational MODE: preforking ***
WSGI app 0 (mountpoint='') ready in 1 seconds on interpreter 0xf47ea0 pid: 31027 (default app)
*** uWSGI is running in multiple interpreter mode ***
spawned uWSGI master process (pid: 31027)
spawned uWSGI worker 1 (pid: 31028, cores: 1)
spawned uWSGI worker 2 (pid: 31029, cores: 1)
spawned uWSGI worker 3 (pid: 31030, cores: 1)
spawned uWSGI worker 4 (pid: 31031, cores: 1)
spawned uWSGI worker 5 (pid: 31032, cores: 1)
spawned uWSGI worker 6 (pid: 31033, cores: 1)
spawned uWSGI worker 7 (pid: 31034, cores: 1)
spawned uWSGI worker 8 (pid: 31035, cores: 1)
spawned uWSGI worker 9 (pid: 31036, cores: 1)
spawned uWSGI worker 10 (pid: 31037, cores: 1)
[pid: 31037|app: 0|req: 1/1] 45.56.99.16 () {40 vars in 718 bytes} [Wed Apr  1 15:52:04 2015] GET /smartClass/teacher/home => generated 0 bytes in 60 msecs (HTTP/1.1 301) 3 headers in 167 bytes (2 switches on core 0)
[pid: 31035|app: 0|req: 1/2] 45.56.99.16 () {40 vars in 720 bytes} [Wed Apr  1 15:52:05 2015] GET /smartClass/teacher/home/ => generated 3792 bytes in 111 msecs (HTTP/1.1 200) 3 headers in 102 bytes (2 switches on core 0)
[pid: 31037|app: 0|req: 2/3] 45.56.99.16 () {40 vars in 765 bytes} [Wed Apr  1 15:53:11 2015] GET /smartClass/teacher/register/ => generated 3579 bytes in 53 msecs (HTTP/1.1 200) 2 headers in 88 bytes (1 switches on core 0)
[pid: 31036|app: 0|req: 1/4] 45.56.99.16 () {48 vars in 951 bytes} [Wed Apr  1 15:53:33 2015] POST /smartClass/teacher/register/ => generated 3804 bytes in 668 msecs (HTTP/1.1 200) 5 headers in 355 bytes (1 switches on core 0)
course does not exists
[pid: 31032|app: 0|req: 1/5] 45.56.99.16 () {50 vars in 1062 bytes} [Wed Apr  1 15:54:01 2015] POST /smartClass/teacher/create/course/ => generated 0 bytes in 164 msecs (HTTP/1.1 302) 4 headers in 169 bytes (1 switches on core 0)
[pid: 31031|app: 0|req: 1/6] 45.56.99.16 () {44 vars in 893 bytes} [Wed Apr  1 15:54:02 2015] GET /smartClass/teacher/home/ => generated 4423 bytes in 115 msecs (HTTP/1.1 200) 3 headers in 102 bytes (1 switches on core 0)
[pid: 31037|app: 0|req: 3/7] 45.56.99.16 () {42 vars in 912 bytes} [Wed Apr  1 15:54:04 2015] GET /smartClass/teacher/course/%E7%BD%91%E7%BB%9C%E5%AE%9E%E4%B9%A0/ => generated 5898 bytes in 124 msecs (HTTP/1.1 200) 5 headers in 355 bytes (1 switches on core 0)
[pid: 31036|app: 0|req: 2/8] 45.56.99.16 () {50 vars in 1107 bytes} [Wed Apr  1 15:54:25 2015] POST /smartClass/teacher/course/create/test/ => generated 0 bytes in 89 msecs (HTTP/1.1 302) 4 headers in 208 bytes (1 switches on core 0)
[pid: 31035|app: 0|req: 2/9] 45.56.99.16 () {44 vars in 982 bytes} [Wed Apr  1 15:54:26 2015] GET /smartClass/teacher/course/%E7%BD%91%E7%BB%9C%E5%AE%9E%E4%B9%A0/ => generated 6360 bytes in 98 msecs (HTTP/1.1 200) 5 headers in 355 bytes (1 switches on core 0)
[pid: 31032|app: 0|req: 2/10] 45.56.99.16 () {50 vars in 1113 bytes} [Wed Apr  1 15:55:50 2015] POST /smartClass/teacher/course/create/project/ => generated 0 bytes in 94 msecs (HTTP/1.1 302) 4 headers in 208 bytes (1 switches on core 0)
[pid: 31030|app: 0|req: 1/11] 45.56.99.16 () {44 vars in 982 bytes} [Wed Apr  1 15:55:50 2015] GET /smartClass/teacher/course/%E7%BD%91%E7%BB%9C%E5%AE%9E%E4%B9%A0/ => generated 6833 bytes in 182 msecs (HTTP/1.1 200) 5 headers in 355 bytes (1 switches on core 0)
[pid: 31036|app: 0|req: 3/12] 45.56.99.16 () {42 vars in 943 bytes} [Wed Apr  1 15:55:57 2015] GET /smartClass/teacher/course/test/ARP%E5%8D%8F%E8%AE%AE/ => generated 4640 bytes in 91 msecs (HTTP/1.1 200) 4 headers in 233 bytes (1 switches on core 0)
[pid: 31032|app: 0|req: 3/13] 45.56.99.16 () {50 vars in 1177 bytes} [Wed Apr  1 15:56:24 2015] POST /smartClass/teacher/course/test/uploadfile/ => generated 17 bytes in 11 msecs (HTTP/1.1 200) 2 headers in 88 bytes (1 switches on core 0)
[pid: 31034|app: 0|req: 1/14] 45.56.99.16 () {50 vars in 1105 bytes} [Wed Apr  1 15:56:51 2015] POST /smartClass/teacher/course/test/add/answer/ => generated 0 bytes in 280 msecs (HTTP/1.1 302) 4 headers in 198 bytes (1 switches on core 0)
[pid: 31028|app: 0|req: 1/15] 45.56.99.16 () {44 vars in 964 bytes} [Wed Apr  1 15:56:52 2015] GET /smartClass/teacher/course/test/ARP%E5%8D%8F%E8%AE%AE/ => generated 5209 bytes in 180 msecs (HTTP/1.1 200) 4 headers in 233 bytes (1 switches on core 0)
[pid: 31033|app: 0|req: 1/16] 45.56.99.16 () {42 vars in 887 bytes} [Wed Apr  1 15:56:59 2015] GET /smartClass/teacher/home/ => generated 4423 bytes in 115 msecs (HTTP/1.1 200) 3 headers in 102 bytes (1 switches on core 0)
[pid: 31033|app: 0|req: 2/17] 45.56.99.16 () {42 vars in 912 bytes} [Wed Apr  1 15:57:01 2015] GET /smartClass/teacher/course/%E7%BD%91%E7%BB%9C%E5%AE%9E%E4%B9%A0/ => generated 6833 bytes in 1000 msecs (HTTP/1.1 200) 5 headers in 355 bytes (1 switches on core 0)
group outcome len :  0
[pid: 31037|app: 0|req: 4/18] 45.56.99.16 () {42 vars in 967 bytes} [Wed Apr  1 15:57:11 2015] GET /smartClass/teacher/course/project/%E6%BB%91%E5%8A%A8%E7%AA%97%E5%8F%A3/ => generated 7061 bytes in 124 msecs (HTTP/1.1 200) 4 headers in 233 bytes (1 switches on core 0)
[pid: 31037|app: 0|req: 5/19] 45.56.99.16 () {50 vars in 1135 bytes} [Wed Apr  1 15:59:36 2015] POST /smartClass/teacher/course/project/add/question/ => generated 0 bytes in 104 msecs (HTTP/1.1 302) 4 headers in 216 bytes (2 switches on core 0)
group outcome len :  0
[pid: 31036|app: 0|req: 4/20] 45.56.99.16 () {44 vars in 1006 bytes} [Wed Apr  1 15:59:37 2015] GET /smartClass/teacher/course/project/%E6%BB%91%E5%8A%A8%E7%AA%97%E5%8F%A3/ => generated 7460 bytes in 98 msecs (HTTP/1.1 200) 4 headers in 233 bytes (1 switches on core 0)
[pid: 31030|app: 0|req: 2/21] 45.56.99.16 () {42 vars in 907 bytes} [Wed Apr  1 16:26:11 2015] GET /smartClass/teacher/login/ => generated 3040 bytes in 11 msecs (HTTP/1.1 200) 2 headers in 88 bytes (1 switches on core 0)
[pid: 31037|app: 0|req: 6/22] 162.105.51.235 () {32 vars in 423 bytes} [Thu Apr  2 23:24:05 2015] GET /smartClass/teacher/login.html => generated 10907 bytes in 20 msecs (HTTP/1.1 404) 2 headers in 80 bytes (1 switches on core 0)
...brutally killing workers...
...brutally killing workers...
worker 1 buried after 1 seconds
worker 2 buried after 1 seconds
worker 3 buried after 1 seconds
worker 4 buried after 1 seconds
worker 5 buried after 1 seconds
worker 6 buried after 1 seconds
worker 7 buried after 1 seconds
worker 8 buried after 1 seconds
worker 9 buried after 1 seconds
worker 10 buried after 1 seconds
binary reloading uWSGI...
chdir() to /opt/app/webapp
closing all non-uwsgi socket fds > 2 (max_fd = 1024)...
found fd 3 mapped to socket 0 (/tmp/uwsgi.sock)
running /usr/local/bin/uwsgi
[uWSGI] getting INI configuration from smartclass.ini
*** Starting uWSGI 2.0.10 (64bit) on [Wed Apr  8 05:08:37 2015] ***
compiled with version: 4.8.2 on 01 April 2015 03:42:23
os: Linux-3.13.0-32-generic #57-Ubuntu SMP Tue Jul 15 03:51:08 UTC 2014
nodename: ubuntu-vm
machine: x86_64
clock source: unix
pcre jit disabled
detected number of CPU cores: 8
current working directory: /opt/app/webapp
detected binary path: /usr/local/bin/uwsgi
uWSGI running as root, you can use --uid/--gid/--chroot options
*** WARNING: you are running uWSGI as root !!! (use the --uid flag) *** 
chdir() to /opt/app/webapp
your processes number limit is 257243
your memory page size is 4096 bytes
detected max file descriptor number: 1024
lock engine: pthread robust mutexes
thunder lock: disabled (you can enable it with --thunder-lock)
uwsgi socket 0 inherited UNIX address /tmp/uwsgi.sock fd 3
Python version: 2.7.6 (default, Mar 22 2014, 23:03:41)  [GCC 4.8.2]
*** Python threads support is disabled. You can enable it with --enable-threads ***
Python main interpreter initialized at 0x17a7eb0
your server socket listen backlog is limited to 100 connections
your mercy for graceful operations on workers is 60 seconds
mapped 800360 bytes (781 KB) for 10 cores
*** Operational MODE: preforking ***
worker 1 buried after 1 seconds
worker 2 buried after 1 seconds
worker 3 buried after 1 seconds
worker 4 buried after 1 seconds
worker 5 buried after 1 seconds
worker 6 buried after 1 seconds
worker 7 buried after 1 seconds
worker 8 buried after 1 seconds
worker 9 buried after 1 seconds
worker 10 buried after 1 seconds
binary reloading uWSGI...
chdir() to /etc/nginx
closing all non-uwsgi socket fds > 2 (max_fd = 1024)...
found fd 3 mapped to socket 0 (/tmp/uwsgi.sock)
running /usr/local/bin/uwsgi
[uWSGI] getting INI configuration from /opt/app/webapp/smartclass.ini
*** Starting uWSGI 2.0.10 (64bit) on [Wed Apr  8 05:08:37 2015] ***
compiled with version: 4.8.2 on 01 April 2015 03:42:23
os: Linux-3.13.0-32-generic #57-Ubuntu SMP Tue Jul 15 03:51:08 UTC 2014
nodename: ubuntu-vm
machine: x86_64
clock source: unix
pcre jit disabled
detected number of CPU cores: 8
current working directory: /etc/nginx
detected binary path: /usr/local/bin/uwsgi
uWSGI running as root, you can use --uid/--gid/--chroot options
*** WARNING: you are running uWSGI as root !!! (use the --uid flag) *** 
chdir() to /opt/app/webapp
your processes number limit is 257243
your memory page size is 4096 bytes
detected max file descriptor number: 1024
lock engine: pthread robust mutexes
thunder lock: disabled (you can enable it with --thunder-lock)
uwsgi socket 0 inherited UNIX address /tmp/uwsgi.sock fd 3
Python version: 2.7.6 (default, Mar 22 2014, 23:03:41)  [GCC 4.8.2]
*** Python threads support is disabled. You can enable it with --enable-threads ***
Python main interpreter initialized at 0x114eec0
your server socket listen backlog is limited to 100 connections
your mercy for graceful operations on workers is 60 seconds
mapped 800360 bytes (781 KB) for 10 cores
*** Operational MODE: preforking ***
WSGI app 0 (mountpoint='') ready in 0 seconds on interpreter 0x17a7eb0 pid: 30752 (default app)
*** uWSGI is running in multiple interpreter mode ***
gracefully (RE)spawned uWSGI master process (pid: 30752)
spawned uWSGI worker 1 (pid: 14078, cores: 1)
spawned uWSGI worker 2 (pid: 14079, cores: 1)
spawned uWSGI worker 3 (pid: 14080, cores: 1)
spawned uWSGI worker 4 (pid: 14081, cores: 1)
spawned uWSGI worker 5 (pid: 14082, cores: 1)
spawned uWSGI worker 6 (pid: 14083, cores: 1)
spawned uWSGI worker 7 (pid: 14084, cores: 1)
spawned uWSGI worker 8 (pid: 14085, cores: 1)
spawned uWSGI worker 9 (pid: 14086, cores: 1)
spawned uWSGI worker 10 (pid: 14087, cores: 1)
WSGI app 0 (mountpoint='') ready in 0 seconds on interpreter 0x114eec0 pid: 31027 (default app)
*** uWSGI is running in multiple interpreter mode ***
gracefully (RE)spawned uWSGI master process (pid: 31027)
spawned uWSGI worker 1 (pid: 14088, cores: 1)
spawned uWSGI worker 2 (pid: 14089, cores: 1)
spawned uWSGI worker 3 (pid: 14090, cores: 1)
spawned uWSGI worker 4 (pid: 14091, cores: 1)
spawned uWSGI worker 5 (pid: 14092, cores: 1)
spawned uWSGI worker 6 (pid: 14093, cores: 1)
spawned uWSGI worker 7 (pid: 14094, cores: 1)
spawned uWSGI worker 8 (pid: 14095, cores: 1)
spawned uWSGI worker 9 (pid: 14096, cores: 1)
spawned uWSGI worker 10 (pid: 14097, cores: 1)
...brutally killing workers...
...brutally killing workers...
worker 1 buried after 1 seconds
worker 2 buried after 1 seconds
worker 3 buried after 1 seconds
worker 4 buried after 1 seconds
worker 5 buried after 1 seconds
worker 6 buried after 1 seconds
worker 7 buried after 1 seconds
worker 8 buried after 1 seconds
worker 9 buried after 1 seconds
worker 10 buried after 1 seconds
binary reloading uWSGI...
chdir() to /etc/nginx
closing all non-uwsgi socket fds > 2 (max_fd = 1024)...
found fd 3 mapped to socket 0 (/tmp/uwsgi.sock)
running /usr/local/bin/uwsgi
[uWSGI] getting INI configuration from /opt/app/webapp/smartclass.ini
*** Starting uWSGI 2.0.10 (64bit) on [Wed Apr  8 05:09:01 2015] ***
compiled with version: 4.8.2 on 01 April 2015 03:42:23
os: Linux-3.13.0-32-generic #57-Ubuntu SMP Tue Jul 15 03:51:08 UTC 2014
nodename: ubuntu-vm
machine: x86_64
clock source: unix
pcre jit disabled
detected number of CPU cores: 8
current working directory: /etc/nginx
detected binary path: /usr/local/bin/uwsgi
uWSGI running as root, you can use --uid/--gid/--chroot options
*** WARNING: you are running uWSGI as root !!! (use the --uid flag) *** 
chdir() to /opt/app/webapp
your processes number limit is 257243
your memory page size is 4096 bytes
detected max file descriptor number: 1024
lock engine: pthread robust mutexes
thunder lock: disabled (you can enable it with --thunder-lock)
uwsgi socket 0 inherited UNIX address /tmp/uwsgi.sock fd 3
Python version: 2.7.6 (default, Mar 22 2014, 23:03:41)  [GCC 4.8.2]
worker 1 buried after 1 seconds
worker 2 buried after 1 seconds
worker 3 buried after 1 seconds
worker 4 buried after 1 seconds
worker 5 buried after 1 seconds
worker 6 buried after 1 seconds
worker 7 buried after 1 seconds
worker 8 buried after 1 seconds
worker 9 buried after 1 seconds
worker 10 buried after 1 seconds
binary reloading uWSGI...
chdir() to /opt/app/webapp
closing all non-uwsgi socket fds > 2 (max_fd = 1024)...
found fd 3 mapped to socket 0 (/tmp/uwsgi.sock)
running /usr/local/bin/uwsgi
*** Python threads support is disabled. You can enable it with --enable-threads ***
Python main interpreter initialized at 0x1b5bec0
your server socket listen backlog is limited to 100 connections
your mercy for graceful operations on workers is 60 seconds
mapped 800360 bytes (781 KB) for 10 cores
*** Operational MODE: preforking ***
[uWSGI] getting INI configuration from smartclass.ini
*** Starting uWSGI 2.0.10 (64bit) on [Wed Apr  8 05:09:01 2015] ***
compiled with version: 4.8.2 on 01 April 2015 03:42:23
os: Linux-3.13.0-32-generic #57-Ubuntu SMP Tue Jul 15 03:51:08 UTC 2014
nodename: ubuntu-vm
machine: x86_64
clock source: unix
pcre jit disabled
detected number of CPU cores: 8
current working directory: /opt/app/webapp
detected binary path: /usr/local/bin/uwsgi
uWSGI running as root, you can use --uid/--gid/--chroot options
*** WARNING: you are running uWSGI as root !!! (use the --uid flag) *** 
chdir() to /opt/app/webapp
your processes number limit is 257243
your memory page size is 4096 bytes
detected max file descriptor number: 1024
lock engine: pthread robust mutexes
thunder lock: disabled (you can enable it with --thunder-lock)
uwsgi socket 0 inherited UNIX address /tmp/uwsgi.sock fd 3
Python version: 2.7.6 (default, Mar 22 2014, 23:03:41)  [GCC 4.8.2]
*** Python threads support is disabled. You can enable it with --enable-threads ***
Python main interpreter initialized at 0x17d8eb0
your server socket listen backlog is limited to 100 connections
your mercy for graceful operations on workers is 60 seconds
mapped 800360 bytes (781 KB) for 10 cores
*** Operational MODE: preforking ***
WSGI app 0 (mountpoint='') ready in 0 seconds on interpreter 0x1b5bec0 pid: 31027 (default app)
*** uWSGI is running in multiple interpreter mode ***
gracefully (RE)spawned uWSGI master process (pid: 31027)
spawned uWSGI worker 1 (pid: 14101, cores: 1)
spawned uWSGI worker 2 (pid: 14102, cores: 1)
spawned uWSGI worker 3 (pid: 14103, cores: 1)
spawned uWSGI worker 4 (pid: 14104, cores: 1)
spawned uWSGI worker 5 (pid: 14105, cores: 1)
spawned uWSGI worker 6 (pid: 14106, cores: 1)
spawned uWSGI worker 7 (pid: 14107, cores: 1)
spawned uWSGI worker 8 (pid: 14108, cores: 1)
spawned uWSGI worker 9 (pid: 14109, cores: 1)
spawned uWSGI worker 10 (pid: 14110, cores: 1)
WSGI app 0 (mountpoint='') ready in 0 seconds on interpreter 0x17d8eb0 pid: 30752 (default app)
*** uWSGI is running in multiple interpreter mode ***
gracefully (RE)spawned uWSGI master process (pid: 30752)
spawned uWSGI worker 1 (pid: 14111, cores: 1)
spawned uWSGI worker 2 (pid: 14112, cores: 1)
spawned uWSGI worker 3 (pid: 14113, cores: 1)
spawned uWSGI worker 4 (pid: 14114, cores: 1)
spawned uWSGI worker 5 (pid: 14115, cores: 1)
spawned uWSGI worker 6 (pid: 14116, cores: 1)
spawned uWSGI worker 7 (pid: 14117, cores: 1)
spawned uWSGI worker 8 (pid: 14118, cores: 1)
spawned uWSGI worker 9 (pid: 14119, cores: 1)
spawned uWSGI worker 10 (pid: 14120, cores: 1)
...brutally killing workers...
...brutally killing workers...
worker 1 buried after 1 seconds
worker 2 buried after 1 seconds
worker 3 buried after 1 seconds
worker 4 buried after 1 seconds
worker 5 buried after 1 seconds
worker 6 buried after 1 seconds
worker 7 buried after 1 seconds
worker 8 buried after 1 seconds
worker 9 buried after 1 seconds
worker 10 buried after 1 seconds
binary reloading uWSGI...
chdir() to /etc/nginx
closing all non-uwsgi socket fds > 2 (max_fd = 1024)...
found fd 3 mapped to socket 0 (/tmp/uwsgi.sock)
running /usr/local/bin/uwsgi
[uWSGI] getting INI configuration from /opt/app/webapp/smartclass.ini
*** Starting uWSGI 2.0.10 (64bit) on [Wed Apr  8 05:10:25 2015] ***
compiled with version: 4.8.2 on 01 April 2015 03:42:23
os: Linux-3.13.0-32-generic #57-Ubuntu SMP Tue Jul 15 03:51:08 UTC 2014
nodename: ubuntu-vm
machine: x86_64
clock source: unix
pcre jit disabled
detected number of CPU cores: 8
current working directory: /etc/nginx
detected binary path: /usr/local/bin/uwsgi
uWSGI running as root, you can use --uid/--gid/--chroot options
*** WARNING: you are running uWSGI as root !!! (use the --uid flag) *** 
chdir() to /opt/app/webapp
your processes number limit is 257243
your memory page size is 4096 bytes
detected max file descriptor number: 1024
lock engine: pthread robust mutexes
thunder lock: disabled (you can enable it with --thunder-lock)
uwsgi socket 0 inherited UNIX address /tmp/uwsgi.sock fd 3
Python version: 2.7.6 (default, Mar 22 2014, 23:03:41)  [GCC 4.8.2]
worker 1 buried after 1 seconds
worker 2 buried after 1 seconds
worker 3 buried after 1 seconds
worker 4 buried after 1 seconds
worker 5 buried after 1 seconds
worker 6 buried after 1 seconds
worker 7 buried after 1 seconds
worker 8 buried after 1 seconds
worker 9 buried after 1 seconds
worker 10 buried after 1 seconds
binary reloading uWSGI...
chdir() to /opt/app/webapp
closing all non-uwsgi socket fds > 2 (max_fd = 1024)...
found fd 3 mapped to socket 0 (/tmp/uwsgi.sock)
running /usr/local/bin/uwsgi
*** Python threads support is disabled. You can enable it with --enable-threads ***
Python main interpreter initialized at 0x19b7ec0
your server socket listen backlog is limited to 100 connections
your mercy for graceful operations on workers is 60 seconds
mapped 800360 bytes (781 KB) for 10 cores
*** Operational MODE: preforking ***
[uWSGI] getting INI configuration from smartclass.ini
*** Starting uWSGI 2.0.10 (64bit) on [Wed Apr  8 05:10:25 2015] ***
compiled with version: 4.8.2 on 01 April 2015 03:42:23
os: Linux-3.13.0-32-generic #57-Ubuntu SMP Tue Jul 15 03:51:08 UTC 2014
nodename: ubuntu-vm
machine: x86_64
clock source: unix
pcre jit disabled
detected number of CPU cores: 8
current working directory: /opt/app/webapp
detected binary path: /usr/local/bin/uwsgi
uWSGI running as root, you can use --uid/--gid/--chroot options
*** WARNING: you are running uWSGI as root !!! (use the --uid flag) *** 
chdir() to /opt/app/webapp
your processes number limit is 257243
your memory page size is 4096 bytes
detected max file descriptor number: 1024
lock engine: pthread robust mutexes
thunder lock: disabled (you can enable it with --thunder-lock)
uwsgi socket 0 inherited UNIX address /tmp/uwsgi.sock fd 3
Python version: 2.7.6 (default, Mar 22 2014, 23:03:41)  [GCC 4.8.2]
*** Python threads support is disabled. You can enable it with --enable-threads ***
Python main interpreter initialized at 0x1021eb0
your server socket listen backlog is limited to 100 connections
your mercy for graceful operations on workers is 60 seconds
mapped 800360 bytes (781 KB) for 10 cores
*** Operational MODE: preforking ***
WSGI app 0 (mountpoint='') ready in 0 seconds on interpreter 0x19b7ec0 pid: 31027 (default app)
*** uWSGI is running in multiple interpreter mode ***
gracefully (RE)spawned uWSGI master process (pid: 31027)
spawned uWSGI worker 1 (pid: 14140, cores: 1)
spawned uWSGI worker 2 (pid: 14141, cores: 1)
spawned uWSGI worker 3 (pid: 14142, cores: 1)
spawned uWSGI worker 4 (pid: 14143, cores: 1)
spawned uWSGI worker 5 (pid: 14144, cores: 1)
spawned uWSGI worker 6 (pid: 14145, cores: 1)
spawned uWSGI worker 7 (pid: 14146, cores: 1)
spawned uWSGI worker 8 (pid: 14147, cores: 1)
spawned uWSGI worker 9 (pid: 14148, cores: 1)
spawned uWSGI worker 10 (pid: 14149, cores: 1)
WSGI app 0 (mountpoint='') ready in 0 seconds on interpreter 0x1021eb0 pid: 30752 (default app)
*** uWSGI is running in multiple interpreter mode ***
gracefully (RE)spawned uWSGI master process (pid: 30752)
spawned uWSGI worker 1 (pid: 14150, cores: 1)
spawned uWSGI worker 2 (pid: 14151, cores: 1)
spawned uWSGI worker 3 (pid: 14152, cores: 1)
spawned uWSGI worker 4 (pid: 14153, cores: 1)
spawned uWSGI worker 5 (pid: 14154, cores: 1)
spawned uWSGI worker 6 (pid: 14155, cores: 1)
spawned uWSGI worker 7 (pid: 14156, cores: 1)
spawned uWSGI worker 8 (pid: 14157, cores: 1)
spawned uWSGI worker 9 (pid: 14158, cores: 1)
spawned uWSGI worker 10 (pid: 14159, cores: 1)
*** Starting uWSGI 2.0.10 (64bit) on [Tue Apr  7 17:11:41 2015] ***
compiled with version: 4.8.2 on 01 April 2015 03:42:23
os: Linux-3.13.0-32-generic #57-Ubuntu SMP Tue Jul 15 03:51:08 UTC 2014
nodename: ubuntu-vm
machine: x86_64
clock source: unix
pcre jit disabled
detected number of CPU cores: 8
current working directory: /opt/app/webapp
detected binary path: /usr/local/bin/uwsgi
uWSGI running as root, you can use --uid/--gid/--chroot options
*** WARNING: you are running uWSGI as root !!! (use the --uid flag) *** 
chdir() to /opt/app/webapp
your processes number limit is 257243
your memory page size is 4096 bytes
detected max file descriptor number: 1024
lock engine: pthread robust mutexes
thunder lock: disabled (you can enable it with --thunder-lock)
uwsgi socket 0 bound to UNIX address /tmp/uwsgi.sock fd 3
Python version: 2.7.6 (default, Mar 22 2014, 23:03:41)  [GCC 4.8.2]
*** Python threads support is disabled. You can enable it with --enable-threads ***
Python main interpreter initialized at 0x1e56e90
your server socket listen backlog is limited to 100 connections
your mercy for graceful operations on workers is 60 seconds
mapped 800360 bytes (781 KB) for 10 cores
*** Operational MODE: preforking ***
WSGI app 0 (mountpoint='') ready in 0 seconds on interpreter 0x1e56e90 pid: 14176 (default app)
*** uWSGI is running in multiple interpreter mode ***
spawned uWSGI master process (pid: 14176)
spawned uWSGI worker 1 (pid: 14177, cores: 1)
spawned uWSGI worker 2 (pid: 14178, cores: 1)
spawned uWSGI worker 3 (pid: 14179, cores: 1)
spawned uWSGI worker 4 (pid: 14180, cores: 1)
spawned uWSGI worker 5 (pid: 14181, cores: 1)
spawned uWSGI worker 6 (pid: 14182, cores: 1)
spawned uWSGI worker 7 (pid: 14183, cores: 1)
spawned uWSGI worker 8 (pid: 14184, cores: 1)
spawned uWSGI worker 9 (pid: 14185, cores: 1)
spawned uWSGI worker 10 (pid: 14186, cores: 1)
[pid: 14184|app: 0|req: 1/1] 162.105.51.235 () {38 vars in 716 bytes} [Wed Apr  8 05:15:14 2015] GET /smartClass/teacher/home => generated 0 bytes in 52 msecs (HTTP/1.1 301) 3 headers in 172 bytes (1 switches on core 0)
[pid: 14184|app: 0|req: 2/2] 162.105.51.235 () {38 vars in 718 bytes} [Wed Apr  8 05:15:14 2015] GET /smartClass/teacher/home/ => generated 3792 bytes in 61 msecs (HTTP/1.1 200) 3 headers in 102 bytes (1 switches on core 0)
[pid: 14183|app: 0|req: 1/3] 162.105.51.235 () {40 vars in 793 bytes} [Wed Apr  8 05:15:44 2015] GET /smartClass/teacher/login/ => generated 3040 bytes in 83 msecs (HTTP/1.1 200) 2 headers in 88 bytes (1 switches on core 0)
[pid: 14179|app: 0|req: 1/4] 162.105.51.235 () {40 vars in 794 bytes} [Wed Apr  8 05:15:53 2015] GET /smartClass/teacher/login/ => generated 3040 bytes in 87 msecs (HTTP/1.1 200) 2 headers in 88 bytes (1 switches on core 0)
[pid: 14177|app: 0|req: 1/5] 162.105.51.235 () {40 vars in 796 bytes} [Wed Apr  8 05:15:54 2015] GET /smartClass/teacher/logout/ => generated 0 bytes in 192 msecs (HTTP/1.1 302) 5 headers in 306 bytes (2 switches on core 0)
[pid: 14184|app: 0|req: 3/6] 162.105.51.235 () {42 vars in 851 bytes} [Wed Apr  8 05:15:54 2015] GET /smartClass/teacher/login/ => generated 3040 bytes in 13 msecs (HTTP/1.1 200) 2 headers in 88 bytes (1 switches on core 0)
[pid: 14185|app: 0|req: 1/7] 162.105.51.235 () {50 vars in 1038 bytes} [Wed Apr  8 05:16:00 2015] POST /smartClass/teacher/login/ => generated 0 bytes in 317 msecs (HTTP/1.1 302) 6 headers in 426 bytes (1 switches on core 0)
[pid: 14185|app: 0|req: 2/8] 162.105.51.235 () {44 vars in 922 bytes} [Wed Apr  8 05:16:01 2015] GET /smartClass/teacher/home => generated 0 bytes in 13 msecs (HTTP/1.1 301) 3 headers in 172 bytes (1 switches on core 0)
[pid: 14185|app: 0|req: 3/9] 162.105.51.235 () {44 vars in 924 bytes} [Wed Apr  8 05:16:01 2015] GET /smartClass/teacher/home/ => generated 4423 bytes in 52 msecs (HTTP/1.1 200) 3 headers in 102 bytes (1 switches on core 0)
[pid: 14180|app: 0|req: 1/10] 162.105.51.235 () {42 vars in 946 bytes} [Wed Apr  8 05:16:03 2015] GET /smartClass/teacher/course/%E7%BD%91%E7%BB%9C%E5%AE%9E%E4%B9%A0/ => generated 6833 bytes in 205 msecs (HTTP/1.1 200) 5 headers in 355 bytes (1 switches on core 0)
[pid: 14182|app: 0|req: 1/11] 162.105.51.235 () {42 vars in 933 bytes} [Wed Apr  8 05:16:14 2015] GET /smartClass/teacher/login/ => generated 3040 bytes in 88 msecs (HTTP/1.1 200) 2 headers in 88 bytes (1 switches on core 0)
[pid: 14178|app: 0|req: 1/12] 162.105.51.235 () {42 vars in 901 bytes} [Wed Apr  8 05:16:16 2015] GET /smartClass/teacher/register/ => generated 3579 bytes in 83 msecs (HTTP/1.1 200) 2 headers in 88 bytes (1 switches on core 0)
[pid: 14186|app: 0|req: 1/13] 162.105.51.235 () {42 vars in 896 bytes} [Wed Apr  8 05:16:20 2015] GET /smartClass/teacher/home/ => generated 4423 bytes in 120 msecs (HTTP/1.1 200) 3 headers in 102 bytes (1 switches on core 0)
[pid: 14179|app: 0|req: 2/14] 162.105.51.235 () {42 vars in 894 bytes} [Wed Apr  8 05:16:25 2015] GET /smartClass/teacher/login/ => generated 3040 bytes in 12 msecs (HTTP/1.1 200) 2 headers in 88 bytes (1 switches on core 0)
[pid: 14181|app: 0|req: 1/15] 162.105.51.235 () {42 vars in 901 bytes} [Wed Apr  8 05:16:26 2015] GET /smartClass/teacher/register/ => generated 3579 bytes in 85 msecs (HTTP/1.1 200) 2 headers in 88 bytes (1 switches on core 0)
[pid: 14182|app: 0|req: 2/16] 162.105.51.235 () {42 vars in 900 bytes} [Wed Apr  8 05:16:29 2015] GET /smartClass/teacher/logout/ => generated 0 bytes in 158 msecs (HTTP/1.1 302) 5 headers in 306 bytes (1 switches on core 0)
[pid: 14181|app: 0|req: 2/17] 162.105.51.235 () {42 vars in 898 bytes} [Wed Apr  8 05:16:29 2015] GET /smartClass/teacher/login/ => generated 3040 bytes in 12 msecs (HTTP/1.1 200) 2 headers in 88 bytes (2 switches on core 0)
[pid: 14180|app: 0|req: 2/18] 162.105.51.235 () {42 vars in 895 bytes} [Wed Apr  8 05:16:31 2015] GET /smartClass/teacher/login/ => generated 3040 bytes in 12 msecs (HTTP/1.1 200) 2 headers in 88 bytes (1 switches on core 0)
[pid: 14181|app: 0|req: 3/19] 162.105.51.235 () {42 vars in 901 bytes} [Wed Apr  8 05:16:32 2015] GET /smartClass/teacher/register/ => generated 3579 bytes in 12 msecs (HTTP/1.1 200) 2 headers in 88 bytes (2 switches on core 0)
[pid: 14183|app: 0|req: 2/20] 162.105.51.235 () {42 vars in 896 bytes} [Wed Apr  8 05:16:34 2015] GET /smartClass/teacher/home/ => generated 3792 bytes in 36 msecs (HTTP/1.1 200) 3 headers in 102 bytes (1 switches on core 0)
[pid: 14184|app: 0|req: 4/21] 162.105.51.235 () {42 vars in 894 bytes} [Wed Apr  8 05:16:37 2015] GET /smartClass/teacher/login/ => generated 3040 bytes in 12 msecs (HTTP/1.1 200) 2 headers in 88 bytes (1 switches on core 0)
[pid: 14180|app: 0|req: 3/22] 162.105.51.235 () {42 vars in 901 bytes} [Wed Apr  8 05:16:40 2015] GET /smartClass/teacher/register/ => generated 3579 bytes in 12 msecs (HTTP/1.1 200) 2 headers in 88 bytes (1 switches on core 0)
[pid: 14178|app: 0|req: 2/23] 162.105.51.235 () {42 vars in 898 bytes} [Wed Apr  8 05:16:42 2015] GET /smartClass/teacher/login/ => generated 3040 bytes in 13 msecs (HTTP/1.1 200) 2 headers in 88 bytes (1 switches on core 0)
[pid: 14183|app: 0|req: 3/24] 115.27.62.14 () {38 vars in 721 bytes} [Wed Apr  8 09:22:47 2015] GET /smartClass/teacher/home => generated 0 bytes in 3 msecs (HTTP/1.1 301) 3 headers in 179 bytes (2 switches on core 0)
[pid: 14183|app: 0|req: 4/25] 115.27.62.14 () {38 vars in 723 bytes} [Wed Apr  8 09:22:47 2015] GET /smartClass/teacher/home/ => generated 3792 bytes in 15 msecs (HTTP/1.1 200) 3 headers in 102 bytes (1 switches on core 0)
[pid: 14185|app: 0|req: 4/26] 115.27.62.14 () {40 vars in 805 bytes} [Wed Apr  8 09:22:52 2015] GET /smartClass/teacher/login/ => generated 3040 bytes in 12 msecs (HTTP/1.1 200) 2 headers in 88 bytes (2 switches on core 0)
[pid: 14186|app: 0|req: 2/27] 115.27.62.14 () {48 vars in 1000 bytes} [Wed Apr  8 09:22:59 2015] POST /smartClass/teacher/login/ => generated 0 bytes in 317 msecs (HTTP/1.1 302) 6 headers in 433 bytes (1 switches on core 0)
[pid: 14179|app: 0|req: 3/28] 115.27.62.14 () {44 vars in 934 bytes} [Wed Apr  8 09:23:00 2015] GET /smartClass/teacher/home => generated 0 bytes in 3 msecs (HTTP/1.1 301) 3 headers in 179 bytes (2 switches on core 0)
[pid: 14184|app: 0|req: 5/29] 115.27.62.14 () {44 vars in 936 bytes} [Wed Apr  8 09:23:00 2015] GET /smartClass/teacher/home/ => generated 4423 bytes in 28 msecs (HTTP/1.1 200) 3 headers in 102 bytes (2 switches on core 0)
[pid: 14180|app: 0|req: 4/30] 115.27.62.14 () {42 vars in 958 bytes} [Wed Apr  8 09:28:29 2015] GET /smartClass/teacher/course/%E7%BD%91%E7%BB%9C%E5%AE%9E%E4%B9%A0/ => generated 6833 bytes in 82 msecs (HTTP/1.1 200) 5 headers in 355 bytes (2 switches on core 0)
[pid: 14177|app: 0|req: 2/31] 115.27.62.14 () {42 vars in 989 bytes} [Wed Apr  8 09:28:32 2015] GET /smartClass/teacher/course/test/ARP%E5%8D%8F%E8%AE%AE/ => generated 5209 bytes in 98 msecs (HTTP/1.1 200) 4 headers in 233 bytes (2 switches on core 0)
[pid: 14182|app: 0|req: 3/32] 115.27.62.14 () {42 vars in 933 bytes} [Wed Apr  8 09:28:46 2015] GET /smartClass/teacher/home/ => generated 4423 bytes in 29 msecs (HTTP/1.1 200) 3 headers in 102 bytes (2 switches on core 0)
[pid: 14183|app: 0|req: 5/33] 115.27.62.14 () {42 vars in 958 bytes} [Wed Apr  8 09:28:48 2015] GET /smartClass/teacher/course/%E7%BD%91%E7%BB%9C%E5%AE%9E%E4%B9%A0/ => generated 6833 bytes in 81 msecs (HTTP/1.1 200) 5 headers in 355 bytes (2 switches on core 0)
[pid: 14179|app: 0|req: 4/34] 115.27.62.14 () {42 vars in 989 bytes} [Wed Apr  8 09:28:52 2015] GET /smartClass/teacher/course/test/ARP%E5%8D%8F%E8%AE%AE/ => generated 5209 bytes in 94 msecs (HTTP/1.1 200) 4 headers in 233 bytes (2 switches on core 0)
group outcome len :  0
[pid: 14185|app: 0|req: 5/35] 115.27.62.14 () {42 vars in 1013 bytes} [Wed Apr  8 09:28:56 2015] GET /smartClass/teacher/course/project/%E6%BB%91%E5%8A%A8%E7%AA%97%E5%8F%A3/ => generated 7460 bytes in 387 msecs (HTTP/1.1 200) 4 headers in 233 bytes (1 switches on core 0)
[pid: 14177|app: 0|req: 3/36] 115.27.62.14 () {42 vars in 945 bytes} [Wed Apr  8 09:29:10 2015] GET /smartClass/teacher/login/ => generated 3040 bytes in 9 msecs (HTTP/1.1 200) 2 headers in 88 bytes (1 switches on core 0)
[pid: 14182|app: 0|req: 4/37] 115.27.62.14 () {42 vars in 905 bytes} [Wed Apr  8 09:29:16 2015] GET /smartClass/teacher/home/ => generated 4423 bytes in 22 msecs (HTTP/1.1 200) 3 headers in 102 bytes (1 switches on core 0)
[pid: 14185|app: 0|req: 6/38] 115.27.62.14 () {42 vars in 904 bytes} [Wed Apr  8 09:31:42 2015] GET /smartClass/teacher/home/ => generated 4423 bytes in 30 msecs (HTTP/1.1 200) 3 headers in 102 bytes (2 switches on core 0)
[pid: 14185|app: 0|req: 7/39] 115.27.62.14 () {42 vars in 904 bytes} [Wed Apr  8 09:37:50 2015] GET /smartClass/teacher/home/ => generated 4423 bytes in 27 msecs (HTTP/1.1 200) 3 headers in 102 bytes (1 switches on core 0)
[pid: 14179|app: 0|req: 5/40] 115.27.62.14 () {42 vars in 958 bytes} [Wed Apr  8 09:37:53 2015] GET /smartClass/teacher/course/%E7%BD%91%E7%BB%9C%E5%AE%9E%E4%B9%A0/ => generated 6833 bytes in 87 msecs (HTTP/1.1 200) 5 headers in 355 bytes (1 switches on core 0)
[pid: 14184|app: 0|req: 6/41] 115.27.62.14 () {42 vars in 945 bytes} [Wed Apr  8 09:38:26 2015] GET /smartClass/teacher/login/ => generated 3040 bytes in 13 msecs (HTTP/1.1 200) 2 headers in 88 bytes (1 switches on core 0)
[pid: 14186|app: 0|req: 3/42] 115.27.62.14 () {42 vars in 913 bytes} [Wed Apr  8 09:38:28 2015] GET /smartClass/teacher/register/ => generated 3579 bytes in 10 msecs (HTTP/1.1 200) 2 headers in 88 bytes (1 switches on core 0)
[pid: 14181|app: 0|req: 4/43] 115.27.62.14 () {42 vars in 908 bytes} [Wed Apr  8 09:39:00 2015] GET /smartClass/teacher/home/ => generated 4423 bytes in 47 msecs (HTTP/1.1 200) 3 headers in 102 bytes (1 switches on core 0)
[pid: 14183|app: 0|req: 6/44] 115.27.62.14 () {42 vars in 958 bytes} [Wed Apr  8 09:39:04 2015] GET /smartClass/teacher/course/%E7%BD%91%E7%BB%9C%E5%AE%9E%E4%B9%A0/ => generated 6833 bytes in 78 msecs (HTTP/1.1 200) 5 headers in 355 bytes (1 switches on core 0)
[pid: 14180|app: 0|req: 5/45] 115.27.62.14 () {42 vars in 989 bytes} [Wed Apr  8 09:39:07 2015] GET /smartClass/teacher/course/test/ARP%E5%8D%8F%E8%AE%AE/ => generated 5209 bytes in 70 msecs (HTTP/1.1 200) 4 headers in 233 bytes (1 switches on core 0)
[pid: 14182|app: 0|req: 5/46] 115.27.62.14 () {42 vars in 945 bytes} [Wed Apr  8 09:53:09 2015] GET /smartClass/teacher/login/ => generated 3040 bytes in 10 msecs (HTTP/1.1 200) 2 headers in 88 bytes (1 switches on core 0)
[pid: 14186|app: 0|req: 4/47] 115.27.62.14 () {50 vars in 1101 bytes} [Wed Apr  8 09:53:14 2015] POST /smartClass/teacher/login/ => generated 0 bytes in 193 msecs (HTTP/1.1 302) 6 headers in 433 bytes (1 switches on core 0)
[pid: 14185|app: 0|req: 8/48] 115.27.62.14 () {44 vars in 934 bytes} [Wed Apr  8 09:53:14 2015] GET /smartClass/teacher/home => generated 0 bytes in 3 msecs (HTTP/1.1 301) 3 headers in 179 bytes (2 switches on core 0)
[pid: 14178|app: 0|req: 3/49] 115.27.62.14 () {44 vars in 936 bytes} [Wed Apr  8 09:53:14 2015] GET /smartClass/teacher/home/ => generated 4423 bytes in 51 msecs (HTTP/1.1 200) 3 headers in 102 bytes (1 switches on core 0)
[pid: 14179|app: 0|req: 6/50] 115.27.62.14 () {42 vars in 958 bytes} [Wed Apr  8 09:53:24 2015] GET /smartClass/teacher/course/%E7%BD%91%E7%BB%9C%E5%AE%9E%E4%B9%A0/ => generated 6833 bytes in 564 msecs (HTTP/1.1 200) 5 headers in 355 bytes (1 switches on core 0)
[pid: 14182|app: 0|req: 6/51] 115.27.62.14 () {42 vars in 989 bytes} [Wed Apr  8 09:58:11 2015] GET /smartClass/teacher/course/test/ARP%E5%8D%8F%E8%AE%AE/ => generated 5209 bytes in 78 msecs (HTTP/1.1 200) 4 headers in 233 bytes (1 switches on core 0)
[pid: 14184|app: 0|req: 7/52] 115.27.62.14 () {42 vars in 933 bytes} [Wed Apr  8 09:58:21 2015] GET /smartClass/teacher/home/ => generated 4423 bytes in 27 msecs (HTTP/1.1 200) 3 headers in 102 bytes (2 switches on core 0)
[pid: 14181|app: 0|req: 5/53] 115.27.62.14 () {42 vars in 906 bytes} [Wed Apr  8 09:58:25 2015] GET /smartClass/teacher/login/ => generated 3040 bytes in 9 msecs (HTTP/1.1 200) 2 headers in 88 bytes (2 switches on core 0)
[pid: 14180|app: 0|req: 6/54] 115.27.62.14 () {42 vars in 907 bytes} [Wed Apr  8 09:58:34 2015] GET /smartClass/teacher/login/ => generated 3040 bytes in 13 msecs (HTTP/1.1 200) 2 headers in 88 bytes (1 switches on core 0)
[pid: 14185|app: 0|req: 9/55] 162.105.51.65 () {42 vars in 906 bytes} [Wed Apr  8 10:55:33 2015] GET /smartClass/teacher/home/ => generated 4423 bytes in 25 msecs (HTTP/1.1 200) 3 headers in 102 bytes (1 switches on core 0)
[pid: 14177|app: 0|req: 4/56] 162.105.51.65 () {42 vars in 959 bytes} [Wed Apr  8 10:55:38 2015] GET /smartClass/teacher/course/%E7%BD%91%E7%BB%9C%E5%AE%9E%E4%B9%A0/ => generated 6833 bytes in 69 msecs (HTTP/1.1 200) 5 headers in 355 bytes (1 switches on core 0)
[pid: 14183|app: 0|req: 7/57] 162.105.51.65 () {42 vars in 990 bytes} [Wed Apr  8 10:55:43 2015] GET /smartClass/teacher/course/test/ARP%E5%8D%8F%E8%AE%AE/ => generated 5209 bytes in 238 msecs (HTTP/1.1 200) 4 headers in 233 bytes (1 switches on core 0)
group outcome len :  0
[pid: 14178|app: 0|req: 4/58] 162.105.51.65 () {42 vars in 1014 bytes} [Wed Apr  8 10:55:47 2015] GET /smartClass/teacher/course/project/%E6%BB%91%E5%8A%A8%E7%AA%97%E5%8F%A3/ => generated 7460 bytes in 81 msecs (HTTP/1.1 200) 4 headers in 233 bytes (1 switches on core 0)
[pid: 14185|app: 0|req: 10/59] 115.27.60.160 () {40 vars in 825 bytes} [Sat Apr 11 10:41:06 2015] GET /smartClass/teacher/home/ => generated 4423 bytes in 23 msecs (HTTP/1.1 200) 3 headers in 102 bytes (1 switches on core 0)
[pid: 14186|app: 0|req: 5/60] 115.27.60.160 () {42 vars in 959 bytes} [Sat Apr 11 10:42:51 2015] GET /smartClass/teacher/course/%E7%BD%91%E7%BB%9C%E5%AE%9E%E4%B9%A0/ => generated 6833 bytes in 89 msecs (HTTP/1.1 200) 5 headers in 355 bytes (1 switches on core 0)
[pid: 14185|app: 0|req: 11/61] 115.27.60.160 () {42 vars in 990 bytes} [Sat Apr 11 10:43:05 2015] GET /smartClass/teacher/course/test/ARP%E5%8D%8F%E8%AE%AE/ => generated 5209 bytes in 90 msecs (HTTP/1.1 200) 4 headers in 233 bytes (1 switches on core 0)
...brutally killing workers...
...brutally killing workers...
...brutally killing workers...
worker 1 buried after 1 seconds
worker 2 buried after 1 seconds
worker 3 buried after 1 seconds
worker 4 buried after 1 seconds
worker 5 buried after 1 seconds
worker 6 buried after 1 seconds
worker 7 buried after 1 seconds
worker 8 buried after 1 seconds
worker 9 buried after 1 seconds
worker 10 buried after 1 seconds
binary reloading uWSGI...
chdir() to /opt/app/webapp
closing all non-uwsgi socket fds > 2 (max_fd = 1024)...
found fd 3 mapped to socket 0 (/tmp/uwsgi.sock)
running /usr/local/bin/uwsgi
[uWSGI] getting INI configuration from smartclass.ini
*** Starting uWSGI 2.0.10 (64bit) on [Wed Apr 15 23:19:51 2015] ***
compiled with version: 4.8.2 on 01 April 2015 03:42:23
os: Linux-3.13.0-32-generic #57-Ubuntu SMP Tue Jul 15 03:51:08 UTC 2014
nodename: ubuntu-vm
machine: x86_64
clock source: unix
pcre jit disabled
detected number of CPU cores: 8
current working directory: /opt/app/webapp
detected binary path: /usr/local/bin/uwsgi
uWSGI running as root, you can use --uid/--gid/--chroot options
*** WARNING: you are running uWSGI as root !!! (use the --uid flag) *** 
chdir() to /opt/app/webapp
your processes number limit is 257243
your memory page size is 4096 bytes
detected max file descriptor number: 1024
lock engine: pthread robust mutexes
thunder lock: disabled (you can enable it with --thunder-lock)
uwsgi socket 0 inherited UNIX address /tmp/uwsgi.sock fd 3
Python version: 2.7.6 (default, Mar 22 2014, 23:03:41)  [GCC 4.8.2]
*** Python threads support is disabled. You can enable it with --enable-threads ***
Python main interpreter initialized at 0x272cec0
your server socket listen backlog is limited to 100 connections
your mercy for graceful operations on workers is 60 seconds
mapped 800360 bytes (781 KB) for 10 cores
*** Operational MODE: preforking ***
worker 1 buried after 1 seconds
worker 2 buried after 1 seconds
worker 3 buried after 1 seconds
worker 4 buried after 1 seconds
worker 5 buried after 1 seconds
worker 6 buried after 1 seconds
worker 7 buried after 1 seconds
worker 8 buried after 1 seconds
worker 9 buried after 1 seconds
worker 10 buried after 1 seconds
binary reloading uWSGI...
chdir() to /etc/nginx
closing all non-uwsgi socket fds > 2 (max_fd = 1024)...
found fd 3 mapped to socket 0 (/tmp/uwsgi.sock)
running /usr/local/bin/uwsgi
worker 1 buried after 1 seconds
worker 2 buried after 1 seconds
worker 3 buried after 1 seconds
worker 4 buried after 1 seconds
worker 5 buried after 1 seconds
worker 6 buried after 1 seconds
worker 7 buried after 1 seconds
worker 8 buried after 1 seconds
worker 9 buried after 1 seconds
worker 10 buried after 1 seconds
binary reloading uWSGI...
chdir() to /opt/app/webapp
closing all non-uwsgi socket fds > 2 (max_fd = 1024)...
found fd 3 mapped to socket 0 (/tmp/uwsgi.sock)
running /usr/local/bin/uwsgi
[uWSGI] getting INI configuration from /opt/app/webapp/smartclass.ini
[uWSGI] getting INI configuration from smartclass.ini
*** Starting uWSGI 2.0.10 (64bit) on [Wed Apr 15 23:19:51 2015] ***
compiled with version: 4.8.2 on 01 April 2015 03:42:23
os: Linux-3.13.0-32-generic #57-Ubuntu SMP Tue Jul 15 03:51:08 UTC 2014
nodename: ubuntu-vm
machine: x86_64
clock source: unix
pcre jit disabled
detected number of CPU cores: 8
current working directory: /etc/nginx
detected binary path: /usr/local/bin/uwsgi
uWSGI running as root, you can use --uid/--gid/--chroot options
*** WARNING: you are running uWSGI as root !!! (use the --uid flag) *** 
chdir() to /opt/app/webapp
your processes number limit is 257243
your memory page size is 4096 bytes
detected max file descriptor number: 1024
*** Starting uWSGI 2.0.10 (64bit) on [Wed Apr 15 23:19:51 2015] ***
lock engine: pthread robust mutexes
compiled with version: 4.8.2 on 01 April 2015 03:42:23
os: Linux-3.13.0-32-generic #57-Ubuntu SMP Tue Jul 15 03:51:08 UTC 2014
nodename: ubuntu-vm
machine: x86_64
clock source: unix
pcre jit disabled
detected number of CPU cores: 8
current working directory: /opt/app/webapp
detected binary path: /usr/local/bin/uwsgi
uWSGI running as root, you can use --uid/--gid/--chroot options
*** WARNING: you are running uWSGI as root !!! (use the --uid flag) *** 
chdir() to /opt/app/webapp
your processes number limit is 257243
your memory page size is 4096 bytes
detected max file descriptor number: 1024
lock engine: pthread robust mutexes
thunder lock: disabled (you can enable it with --thunder-lock)
thunder lock: disabled (you can enable it with --thunder-lock)
uwsgi socket 0 inherited UNIX address /tmp/uwsgi.sock fd 3
uwsgi socket 0 inherited UNIX address /tmp/uwsgi.sock fd 3
Python version: 2.7.6 (default, Mar 22 2014, 23:03:41)  [GCC 4.8.2]
Python version: 2.7.6 (default, Mar 22 2014, 23:03:41)  [GCC 4.8.2]
*** Python threads support is disabled. You can enable it with --enable-threads ***
Python main interpreter initialized at 0x22d5eb0
your server socket listen backlog is limited to 100 connections
your mercy for graceful operations on workers is 60 seconds
*** Python threads support is disabled. You can enable it with --enable-threads ***
Python main interpreter initialized at 0x15e5ec0
your server socket listen backlog is limited to 100 connections
your mercy for graceful operations on workers is 60 seconds
mapped 800360 bytes (781 KB) for 10 cores
mapped 800360 bytes (781 KB) for 10 cores
*** Operational MODE: preforking ***
*** Operational MODE: preforking ***
WSGI app 0 (mountpoint='') ready in 0 seconds on interpreter 0x272cec0 pid: 14176 (default app)
*** uWSGI is running in multiple interpreter mode ***
gracefully (RE)spawned uWSGI master process (pid: 14176)
spawned uWSGI worker 1 (pid: 25626, cores: 1)
spawned uWSGI worker 2 (pid: 25627, cores: 1)
spawned uWSGI worker 3 (pid: 25628, cores: 1)
spawned uWSGI worker 4 (pid: 25629, cores: 1)
spawned uWSGI worker 5 (pid: 25630, cores: 1)
spawned uWSGI worker 6 (pid: 25631, cores: 1)
spawned uWSGI worker 7 (pid: 25632, cores: 1)
spawned uWSGI worker 8 (pid: 25633, cores: 1)
spawned uWSGI worker 9 (pid: 25634, cores: 1)
spawned uWSGI worker 10 (pid: 25635, cores: 1)
WSGI app 0 (mountpoint='') ready in 0 seconds on interpreter 0x22d5eb0 pid: 30752 (default app)
*** uWSGI is running in multiple interpreter mode ***
gracefully (RE)spawned uWSGI master process (pid: 30752)
spawned uWSGI worker 1 (pid: 25636, cores: 1)
spawned uWSGI worker 2 (pid: 25637, cores: 1)
spawned uWSGI worker 3 (pid: 25638, cores: 1)
spawned uWSGI worker 4 (pid: 25639, cores: 1)
spawned uWSGI worker 5 (pid: 25640, cores: 1)
spawned uWSGI worker 6 (pid: 25641, cores: 1)
spawned uWSGI worker 7 (pid: 25642, cores: 1)
spawned uWSGI worker 8 (pid: 25643, cores: 1)
spawned uWSGI worker 9 (pid: 25644, cores: 1)
spawned uWSGI worker 10 (pid: 25645, cores: 1)
WSGI app 0 (mountpoint='') ready in 0 seconds on interpreter 0x15e5ec0 pid: 31027 (default app)
*** uWSGI is running in multiple interpreter mode ***
gracefully (RE)spawned uWSGI master process (pid: 31027)
spawned uWSGI worker 1 (pid: 25646, cores: 1)
spawned uWSGI worker 2 (pid: 25647, cores: 1)
spawned uWSGI worker 3 (pid: 25648, cores: 1)
spawned uWSGI worker 4 (pid: 25649, cores: 1)
spawned uWSGI worker 5 (pid: 25650, cores: 1)
spawned uWSGI worker 6 (pid: 25651, cores: 1)
spawned uWSGI worker 7 (pid: 25652, cores: 1)
spawned uWSGI worker 8 (pid: 25653, cores: 1)
spawned uWSGI worker 9 (pid: 25654, cores: 1)
spawned uWSGI worker 10 (pid: 25655, cores: 1)
*** Starting uWSGI 2.0.10 (64bit) on [Wed Apr 15 11:24:11 2015] ***
compiled with version: 4.8.2 on 01 April 2015 03:42:23
os: Linux-3.13.0-32-generic #57-Ubuntu SMP Tue Jul 15 03:51:08 UTC 2014
nodename: ubuntu-vm
machine: x86_64
clock source: unix
pcre jit disabled
detected number of CPU cores: 8
current working directory: /opt/app/webapp
detected binary path: /usr/local/bin/uwsgi
uWSGI running as root, you can use --uid/--gid/--chroot options
*** WARNING: you are running uWSGI as root !!! (use the --uid flag) *** 
chdir() to /opt/app/webapp
your processes number limit is 257243
your memory page size is 4096 bytes
detected max file descriptor number: 1024
lock engine: pthread robust mutexes
thunder lock: disabled (you can enable it with --thunder-lock)
uwsgi socket 0 bound to UNIX address /tmp/uwsgi.sock fd 3
Python version: 2.7.6 (default, Mar 22 2014, 23:03:41)  [GCC 4.8.2]
*** Python threads support is disabled. You can enable it with --enable-threads ***
Python main interpreter initialized at 0x14e1e90
your server socket listen backlog is limited to 100 connections
your mercy for graceful operations on workers is 60 seconds
mapped 800360 bytes (781 KB) for 10 cores
*** Operational MODE: preforking ***
WSGI app 0 (mountpoint='') ready in 0 seconds on interpreter 0x14e1e90 pid: 25672 (default app)
*** uWSGI is running in multiple interpreter mode ***
spawned uWSGI master process (pid: 25672)
spawned uWSGI worker 1 (pid: 25673, cores: 1)
spawned uWSGI worker 2 (pid: 25674, cores: 1)
spawned uWSGI worker 3 (pid: 25675, cores: 1)
spawned uWSGI worker 4 (pid: 25676, cores: 1)
spawned uWSGI worker 5 (pid: 25677, cores: 1)
spawned uWSGI worker 6 (pid: 25678, cores: 1)
spawned uWSGI worker 7 (pid: 25679, cores: 1)
spawned uWSGI worker 8 (pid: 25680, cores: 1)
spawned uWSGI worker 9 (pid: 25681, cores: 1)
spawned uWSGI worker 10 (pid: 25682, cores: 1)
[pid: 25679|app: 0|req: 1/1] 162.105.51.235 () {40 vars in 817 bytes} [Wed Apr 15 23:26:02 2015] GET /smartClass/teacher/home => generated 0 bytes in 69 msecs (HTTP/1.1 301) 3 headers in 172 bytes (2 switches on core 0)
[pid: 25682|app: 0|req: 1/2] 162.105.51.235 () {40 vars in 819 bytes} [Wed Apr 15 23:26:02 2015] GET /smartClass/teacher/home/ => generated 3792 bytes in 125 msecs (HTTP/1.1 200) 3 headers in 102 bytes (2 switches on core 0)
[pid: 25676|app: 0|req: 1/3] 162.105.51.235 () {42 vars in 894 bytes} [Wed Apr 15 23:26:12 2015] GET /smartClass/teacher/login/ => generated 3040 bytes in 92 msecs (HTTP/1.1 200) 2 headers in 88 bytes (2 switches on core 0)
[pid: 25682|app: 0|req: 2/4] 162.105.51.235 () {50 vars in 1082 bytes} [Wed Apr 15 23:26:17 2015] POST /smartClass/teacher/login/ => generated 0 bytes in 333 msecs (HTTP/1.1 302) 6 headers in 426 bytes (1 switches on core 0)
[pid: 25677|app: 0|req: 1/5] 162.105.51.235 () {44 vars in 922 bytes} [Wed Apr 15 23:26:17 2015] GET /smartClass/teacher/home => generated 0 bytes in 54 msecs (HTTP/1.1 301) 3 headers in 172 bytes (1 switches on core 0)
[pid: 25677|app: 0|req: 2/6] 162.105.51.235 () {44 vars in 924 bytes} [Wed Apr 15 23:26:17 2015] GET /smartClass/teacher/home/ => generated 4423 bytes in 77 msecs (HTTP/1.1 200) 3 headers in 102 bytes (1 switches on core 0)
[pid: 25678|app: 0|req: 1/7] 162.105.51.235 () {42 vars in 946 bytes} [Wed Apr 15 23:26:19 2015] GET /smartClass/teacher/course/%E7%BD%91%E7%BB%9C%E5%AE%9E%E4%B9%A0/ => generated 6833 bytes in 215 msecs (HTTP/1.1 200) 5 headers in 355 bytes (1 switches on core 0)
group outcome len :  0
[pid: 25679|app: 0|req: 2/8] 162.105.51.235 () {42 vars in 1001 bytes} [Wed Apr 15 23:26:22 2015] GET /smartClass/teacher/course/project/%E6%BB%91%E5%8A%A8%E7%AA%97%E5%8F%A3/ => generated 7460 bytes in 148 msecs (HTTP/1.1 200) 4 headers in 233 bytes (1 switches on core 0)
*** Starting uWSGI 2.0.10 (64bit) on [Thu Apr 16 03:10:05 2015] ***
compiled with version: 4.8.2 on 01 April 2015 03:42:23
os: Linux-3.13.0-32-generic #57-Ubuntu SMP Tue Jul 15 03:51:08 UTC 2014
nodename: ubuntu-vm
machine: x86_64
clock source: unix
pcre jit disabled
detected number of CPU cores: 8
current working directory: /opt/app/webapp
detected binary path: /usr/local/bin/uwsgi
uWSGI running as root, you can use --uid/--gid/--chroot options
*** WARNING: you are running uWSGI as root !!! (use the --uid flag) *** 
chdir() to /opt/app/webapp
your processes number limit is 257243
your memory page size is 4096 bytes
detected max file descriptor number: 1024
lock engine: pthread robust mutexes
thunder lock: disabled (you can enable it with --thunder-lock)
uwsgi socket 0 bound to UNIX address /tmp/uwsgi.sock fd 3
Python version: 2.7.6 (default, Mar 22 2014, 23:03:41)  [GCC 4.8.2]
*** Python threads support is disabled. You can enable it with --enable-threads ***
Python main interpreter initialized at 0x127fe90
your server socket listen backlog is limited to 100 connections
your mercy for graceful operations on workers is 60 seconds
mapped 800360 bytes (781 KB) for 10 cores
*** Operational MODE: preforking ***
WSGI app 0 (mountpoint='') ready in 1 seconds on interpreter 0x127fe90 pid: 26563 (default app)
*** uWSGI is running in multiple interpreter mode ***
spawned uWSGI master process (pid: 26563)
spawned uWSGI worker 1 (pid: 26564, cores: 1)
spawned uWSGI worker 2 (pid: 26565, cores: 1)
spawned uWSGI worker 3 (pid: 26566, cores: 1)
spawned uWSGI worker 4 (pid: 26567, cores: 1)
spawned uWSGI worker 5 (pid: 26568, cores: 1)
spawned uWSGI worker 6 (pid: 26569, cores: 1)
spawned uWSGI worker 7 (pid: 26570, cores: 1)
spawned uWSGI worker 8 (pid: 26571, cores: 1)
spawned uWSGI worker 9 (pid: 26572, cores: 1)
spawned uWSGI worker 10 (pid: 26573, cores: 1)
[pid: 26570|app: 0|req: 1/1] 222.29.114.45 () {38 vars in 694 bytes} [Thu Apr 16 15:10:45 2015] GET /smartClass/teacher/home => generated 0 bytes in 57 msecs (HTTP/1.1 301) 3 headers in 172 bytes (2 switches on core 0)
[pid: 26573|app: 0|req: 1/2] 222.29.114.45 () {38 vars in 696 bytes} [Thu Apr 16 15:10:45 2015] GET /smartClass/teacher/home/ => generated 3792 bytes in 109 msecs (HTTP/1.1 200) 3 headers in 102 bytes (1 switches on core 0)
[pid: 26572|app: 0|req: 1/3] 222.29.114.45 () {40 vars in 771 bytes} [Thu Apr 16 15:10:49 2015] GET /smartClass/teacher/login/ => generated 3040 bytes in 91 msecs (HTTP/1.1 200) 2 headers in 88 bytes (1 switches on core 0)
[pid: 26568|app: 0|req: 1/4] 222.29.114.45 () {48 vars in 959 bytes} [Thu Apr 16 15:10:57 2015] POST /smartClass/teacher/login/ => generated 0 bytes in 347 msecs (HTTP/1.1 302) 6 headers in 426 bytes (1 switches on core 0)
[pid: 26571|app: 0|req: 1/5] 222.29.114.45 () {44 vars in 900 bytes} [Thu Apr 16 15:10:57 2015] GET /smartClass/teacher/home => generated 0 bytes in 50 msecs (HTTP/1.1 301) 3 headers in 172 bytes (1 switches on core 0)
[pid: 26569|app: 0|req: 1/6] 222.29.114.45 () {44 vars in 902 bytes} [Thu Apr 16 15:10:57 2015] GET /smartClass/teacher/home/ => generated 4423 bytes in 117 msecs (HTTP/1.1 200) 3 headers in 102 bytes (1 switches on core 0)
[pid: 26571|app: 0|req: 2/7] 222.29.114.45 () {42 vars in 924 bytes} [Thu Apr 16 15:11:00 2015] GET /smartClass/teacher/course/%E7%BD%91%E7%BB%9C%E5%AE%9E%E4%B9%A0/ => generated 6833 bytes in 142 msecs (HTTP/1.1 200) 5 headers in 355 bytes (1 switches on core 0)
[pid: 26573|app: 0|req: 2/8] 222.29.114.45 () {42 vars in 955 bytes} [Thu Apr 16 15:11:02 2015] GET /smartClass/teacher/course/test/ARP%E5%8D%8F%E8%AE%AE/ => generated 5209 bytes in 130 msecs (HTTP/1.1 200) 4 headers in 233 bytes (1 switches on core 0)
[pid: 26564|app: 0|req: 1/9] 222.29.114.45 () {42 vars in 899 bytes} [Thu Apr 16 15:11:11 2015] GET /smartClass/teacher/home/ => generated 4423 bytes in 121 msecs (HTTP/1.1 200) 3 headers in 102 bytes (1 switches on core 0)
[pid: 26573|app: 0|req: 3/10] 222.29.114.45 () {42 vars in 924 bytes} [Thu Apr 16 15:11:13 2015] GET /smartClass/teacher/course/%E7%BD%91%E7%BB%9C%E5%AE%9E%E4%B9%A0/ => generated 6833 bytes in 88 msecs (HTTP/1.1 200) 5 headers in 355 bytes (1 switches on core 0)
*** Starting uWSGI 2.0.10 (64bit) on [Fri Apr 17 04:48:24 2015] ***
compiled with version: 4.8.2 on 01 April 2015 03:42:23
os: Linux-3.13.0-32-generic #57-Ubuntu SMP Tue Jul 15 03:51:08 UTC 2014
nodename: ubuntu-vm
machine: x86_64
clock source: unix
pcre jit disabled
detected number of CPU cores: 8
current working directory: /opt/app/SmartClass/webapp
detected binary path: /usr/local/bin/uwsgi
uWSGI running as root, you can use --uid/--gid/--chroot options
*** WARNING: you are running uWSGI as root !!! (use the --uid flag) *** 
chdir() to /opt/app/SmartClass/webapp
your processes number limit is 257243
your memory page size is 4096 bytes
detected max file descriptor number: 1024
lock engine: pthread robust mutexes
thunder lock: disabled (you can enable it with --thunder-lock)
uwsgi socket 0 bound to UNIX address /tmp/uwsgi.sock fd 3
Python version: 2.7.6 (default, Mar 22 2014, 23:03:41)  [GCC 4.8.2]
*** Python threads support is disabled. You can enable it with --enable-threads ***
Python main interpreter initialized at 0xc45ed0
your server socket listen backlog is limited to 100 connections
your mercy for graceful operations on workers is 60 seconds
mapped 800360 bytes (781 KB) for 10 cores
*** Operational MODE: preforking ***
WSGI app 0 (mountpoint='') ready in 0 seconds on interpreter 0xc45ed0 pid: 28444 (default app)
*** uWSGI is running in multiple interpreter mode ***
spawned uWSGI master process (pid: 28444)
spawned uWSGI worker 1 (pid: 28445, cores: 1)
spawned uWSGI worker 2 (pid: 28446, cores: 1)
spawned uWSGI worker 3 (pid: 28447, cores: 1)
spawned uWSGI worker 4 (pid: 28448, cores: 1)
spawned uWSGI worker 5 (pid: 28449, cores: 1)
spawned uWSGI worker 6 (pid: 28450, cores: 1)
spawned uWSGI worker 7 (pid: 28451, cores: 1)
spawned uWSGI worker 8 (pid: 28452, cores: 1)
spawned uWSGI worker 9 (pid: 28453, cores: 1)
spawned uWSGI worker 10 (pid: 28454, cores: 1)
